2025-09-23 07:52:38,726 [INFO] EnterpriseDataResampler initialized successfully
2025-09-23 07:52:53,905 [INFO] Date filtering completed: 355652 -> 354635 rows (range: 2024-01-01 to 2024-12-31, time: 14.923s)
2025-09-23 07:52:55,683 [INFO] Weekday filtering: 354635 -> 335688 rows (days: Mon, Tue, Wed, Thu, Fri)
2025-09-23 07:52:57,190 [WARNING] Found 53 large gaps in data. Maximum gap: 3 days 08:02:00
2025-09-23 07:52:57,220 [INFO] Successfully validated DataFrame with 335688 rows
2025-09-23 07:52:57,875 [INFO] Successfully resampled 335688 rows to 1493 rows (period: 4H, time: 2.178s)
2025-09-23 07:53:01,369 [INFO] Date filtering completed: 355652 -> 28272 rows (range: 2024-11-01 to 2024-12-01, time: 3.420s)
2025-09-23 07:53:01,440 [INFO] Weekday filtering: 28272 -> 26832 rows (days: Mon, Tue, Wed, Thu, Fri)
2025-09-23 07:53:01,504 [WARNING] Found 4 large gaps in data. Maximum gap: 2 days 08:01:00
2025-09-23 07:53:01,508 [INFO] Successfully validated DataFrame with 26832 rows
2025-09-23 07:53:01,548 [INFO] Successfully resampled 26832 rows to 448 rows (period: 1H, time: 0.105s)
2025-09-23 07:53:06,934 [INFO] Date filtering completed: 355652 -> 28272 rows (range: 2024-11-01 to 2024-12-01, time: 5.338s)
2025-09-23 07:53:09,245 [INFO] Weekday filtering: 28272 -> 26832 rows (days: Mon, Tue, Wed, Thu, Fri)
2025-09-23 07:53:09,567 [WARNING] Found 4 large gaps in data. Maximum gap: 2 days 08:01:00
2025-09-23 07:53:09,575 [INFO] Successfully validated DataFrame with 26832 rows
2025-09-23 07:53:09,820 [INFO] Successfully resampled 26832 rows to 1789 rows (period: 15T, time: 0.559s)
2025-09-23 07:53:33,511 [INFO] Date filtering completed: 355652 -> 960 rows (range: 2024-11-01 to 2024-11-02, time: 12.073s)
2025-09-23 07:53:33,930 [INFO] Weekday filtering: 960 -> 960 rows (days: Mon, Tue, Wed, Thu, Fri)
2025-09-23 07:53:34,258 [INFO] Successfully validated DataFrame with 960 rows
2025-09-23 07:53:34,682 [INFO] Successfully resampled 960 rows to 960 rows (period: 1T, time: 0.745s)
2025-09-23 07:53:37,777 [INFO] Date filtering completed: 355652 -> 1381 rows (range: 2024-11-04 to 2024-11-05, time: 3.049s)
2025-09-23 07:53:38,083 [INFO] Weekday filtering: 1381 -> 1381 rows (days: Mon, Tue, Wed, Thu, Fri)
2025-09-23 07:53:38,187 [INFO] Successfully validated DataFrame with 1381 rows
2025-09-23 07:53:38,347 [INFO] Successfully resampled 1381 rows to 1381 rows (period: 1T, time: 0.259s)
2025-09-23 07:53:41,022 [INFO] Date filtering completed: 355652 -> 1381 rows (range: 2024-11-05 to 2024-11-06, time: 2.666s)
2025-09-23 07:53:41,058 [INFO] Weekday filtering: 1381 -> 1381 rows (days: Mon, Tue, Wed, Thu, Fri)
2025-09-23 07:53:41,090 [INFO] Successfully validated DataFrame with 1381 rows
2025-09-23 07:53:41,154 [INFO] Successfully resampled 1381 rows to 1381 rows (period: 1T, time: 0.091s)
2025-09-23 07:53:44,273 [INFO] Date filtering completed: 355652 -> 1381 rows (range: 2024-11-06 to 2024-11-07, time: 3.105s)
2025-09-23 07:53:44,391 [INFO] Weekday filtering: 1381 -> 1381 rows (days: Mon, Tue, Wed, Thu, Fri)
2025-09-23 07:53:44,497 [INFO] Successfully validated DataFrame with 1381 rows
2025-09-23 07:53:44,720 [INFO] Successfully resampled 1381 rows to 1381 rows (period: 1T, time: 0.325s)
2025-09-23 07:53:48,701 [INFO] Date filtering completed: 355652 -> 1381 rows (range: 2024-11-07 to 2024-11-08, time: 3.872s)
2025-09-23 07:53:49,428 [INFO] Weekday filtering: 1381 -> 1381 rows (days: Mon, Tue, Wed, Thu, Fri)
2025-09-23 07:53:49,848 [INFO] Successfully validated DataFrame with 1381 rows
2025-09-23 07:53:50,498 [INFO] Successfully resampled 1381 rows to 1381 rows (period: 1T, time: 1.060s)
2025-09-23 07:53:55,490 [INFO] Date filtering completed: 355652 -> 1020 rows (range: 2024-11-08 to 2024-11-09, time: 4.832s)
2025-09-23 07:53:55,968 [INFO] Weekday filtering: 1020 -> 1020 rows (days: Mon, Tue, Wed, Thu, Fri)
2025-09-23 07:53:56,420 [INFO] Successfully validated DataFrame with 1020 rows
2025-09-23 07:53:57,206 [INFO] Successfully resampled 1020 rows to 1020 rows (period: 1T, time: 1.178s)
2025-09-23 07:54:01,291 [INFO] Generating chart fc6f5e64-30a1-4561-9d41-53c2cc3d67f1 with 1493 data points
2025-09-23 07:54:17,841 [INFO] Chart fc6f5e64-30a1-4561-9d41-53c2cc3d67f1 generated successfully in 16.71s
2025-09-23 07:54:17,948 [INFO] Generating chart 8f59ea43-2daa-4be3-bf59-cc9a31c5057e with 448 data points
2025-09-23 07:54:19,302 [INFO] Chart 8f59ea43-2daa-4be3-bf59-cc9a31c5057e generated successfully in 1.37s
2025-09-23 07:54:19,313 [INFO] Generating chart 77f91947-518d-4874-a9a7-88b45fb3a18d with 448 data points
2025-09-23 07:54:19,886 [INFO] Chart 77f91947-518d-4874-a9a7-88b45fb3a18d generated successfully in 0.57s
2025-09-23 07:54:19,892 [INFO] Generating chart f1e91082-d67d-47b5-aaa8-d4f8d51b7f6e with 960 data points
2025-09-23 07:54:21,224 [INFO] Chart f1e91082-d67d-47b5-aaa8-d4f8d51b7f6e generated successfully in 1.33s
2025-09-23 08:56:38,078 [INFO] Generating chart a3f65198-b9d1-4062-83ff-21882f06e116 with 1258 data points
2025-09-23 08:56:43,477 [INFO] Chart a3f65198-b9d1-4062-83ff-21882f06e116 generated successfully in 5.46s
2025-09-23 09:20:56,846 [INFO] Generating chart b698a7a5-4608-4b9a-8a75-ad2432236730 with 1493 data points
2025-09-23 09:20:58,039 [INFO] Chart b698a7a5-4608-4b9a-8a75-ad2432236730 generated successfully in 1.19s
2025-09-23 09:36:17,794 [INFO] Generating chart cf3a6d29-1f95-43fe-8798-7af0b5078bb3 with 1493 data points
2025-09-23 09:36:24,555 [INFO] Chart cf3a6d29-1f95-43fe-8798-7af0b5078bb3 generated successfully in 6.76s
2025-09-23 09:39:30,056 [INFO] Generating chart 333e4e7b-aaf8-47c9-ac8c-5ba7e92dbfff with 1493 data points
2025-09-23 09:40:52,733 [INFO] Generating chart 530f6505-696b-4e92-8c0f-e577909fee9b with 1493 data points
2025-09-23 09:40:57,865 [INFO] Chart 530f6505-696b-4e92-8c0f-e577909fee9b generated successfully in 5.13s
2025-09-23 09:42:36,776 [INFO] Generating chart 3e5525ac-c4f4-424b-92d4-9114036bb7df with 1493 data points
2025-09-23 09:42:59,020 [INFO] Chart 3e5525ac-c4f4-424b-92d4-9114036bb7df generated successfully in 22.28s
2025-09-23 09:48:03,637 [INFO] Generating chart 229c2343-aa6c-49c2-bf08-074a9e903bbe with 1493 data points
2025-09-23 09:48:13,574 [INFO] Chart 229c2343-aa6c-49c2-bf08-074a9e903bbe generated successfully in 10.00s
2025-09-23 09:50:01,606 [INFO] Generating chart 83859a76-79e1-43d6-9ea1-0150011426b2 with 1493 data points
2025-09-23 09:50:52,166 [INFO] Chart 83859a76-79e1-43d6-9ea1-0150011426b2 generated successfully in 50.66s
2025-09-23 11:07:58,141 [INFO] Generating chart 224ebbe2-7858-46c4-ad72-fe81bd6f883d with 1493 data points
2025-09-23 11:08:39,222 [INFO] Chart 224ebbe2-7858-46c4-ad72-fe81bd6f883d generated successfully in 41.13s
2025-09-23 11:12:10,429 [INFO] Generating chart 9c3f4e7c-f38e-4121-bdb5-a1df9d81342d with 1493 data points
2025-09-23 11:12:37,172 [INFO] Chart 9c3f4e7c-f38e-4121-bdb5-a1df9d81342d generated successfully in 26.86s
2025-09-23 11:12:37,870 [INFO] Generating chart 90ec5ce8-9f3c-4d26-b418-0f08e8760810 with 448 data points
2025-09-23 11:12:40,356 [INFO] Chart 90ec5ce8-9f3c-4d26-b418-0f08e8760810 generated successfully in 2.50s
2025-09-23 11:41:45,842 [INFO] Generating chart 0d583847-19e7-4eec-b3e5-430e3ebc5f00 with 151 data points
2025-09-23 11:41:45,907 [ERROR] DataFrame index must be datetime
2025-09-23 11:41:45,909 [ERROR] Failed to generate chart 0d583847-19e7-4eec-b3e5-430e3ebc5f00: DataFrame index must be datetime
2025-09-23 11:44:11,015 [INFO] Generating chart 53fc518e-1143-4496-9510-4c7d5da6074f with 151 data points
2025-09-23 11:44:11,119 [ERROR] DataFrame index must be datetime
2025-09-23 11:44:11,125 [ERROR] Failed to generate chart 53fc518e-1143-4496-9510-4c7d5da6074f: DataFrame index must be datetime
2025-09-23 11:45:20,773 [INFO] Generating chart feb702f0-d60a-47e2-879e-5ccd730d71b2 with 151 data points
2025-09-23 11:45:20,852 [ERROR] DataFrame index must be datetime
2025-09-23 11:45:20,858 [ERROR] Failed to generate chart feb702f0-d60a-47e2-879e-5ccd730d71b2: DataFrame index must be datetime
2025-09-23 12:12:26,821 [INFO] Generating chart 310cd205-c8ac-4ed0-814a-03e7fb32afc3 with 506 data points
2025-09-23 12:12:29,004 [INFO] Chart 310cd205-c8ac-4ed0-814a-03e7fb32afc3 generated successfully in 2.20s
2025-09-23 12:18:20,046 [INFO] Generating chart 72c177e1-ad8e-45e6-a844-42a5691b12be with 506 data points
2025-09-23 12:18:29,528 [ERROR] Failed to generate chart 72c177e1-ad8e-45e6-a844-42a5691b12be: zero-size array to reduction operation maximum which has no identity
2025-09-23 12:20:56,499 [INFO] Generating chart d12de4c2-a123-40ac-8492-dccf33ceb08c with 506 data points
2025-09-23 12:21:08,027 [INFO] Chart d12de4c2-a123-40ac-8492-dccf33ceb08c generated successfully in 12.17s
2025-09-23 12:38:04,541 [INFO] Generating chart 55a253ae-fa9f-4f6f-9dbe-2e2682a17704 with 506 data points
2025-09-23 12:38:07,283 [INFO] Chart 55a253ae-fa9f-4f6f-9dbe-2e2682a17704 generated successfully in 2.76s
2025-09-23 12:39:13,038 [INFO] Generating chart 52472b97-a644-4321-924b-a8640e8a7bdf with 506 data points
2025-09-23 12:39:34,350 [INFO] Chart 52472b97-a644-4321-924b-a8640e8a7bdf generated successfully in 21.30s
2025-09-23 12:55:44,261 [INFO] Generating chart b11315b4-e109-48b0-b325-0c7c6dc18ce6 with 506 data points
2025-09-23 12:55:44,707 [INFO] Chart b11315b4-e109-48b0-b325-0c7c6dc18ce6 generated successfully in 0.44s
2025-09-23 12:55:44,708 [INFO] Returning figure object for chart b11315b4-e109-48b0-b325-0c7c6dc18ce6
2025-09-23 13:04:56,950 [INFO] Generating chart a4d6b902-ca75-4346-8f42-e52b13b31d82 with 506 data points
2025-09-23 13:05:08,433 [INFO] Chart a4d6b902-ca75-4346-8f42-e52b13b31d82 generated successfully in 11.50s
2025-09-23 13:05:08,494 [INFO] Returning figure object for chart a4d6b902-ca75-4346-8f42-e52b13b31d82
2025-09-23 13:08:00,388 [INFO] Generating chart f1ba378e-687f-4400-b922-8f15c502163c with 1493 data points
2025-09-23 13:08:05,930 [INFO] Chart f1ba378e-687f-4400-b922-8f15c502163c generated successfully in 5.54s
2025-09-23 13:08:06,119 [INFO] Generating chart 12513167-7aa4-4ab7-add2-84b162282945 with 448 data points
2025-09-23 13:08:08,181 [INFO] Chart 12513167-7aa4-4ab7-add2-84b162282945 generated successfully in 2.06s
2025-09-23 13:10:58,766 [INFO] Generating chart d2db2278-baa9-408a-8cca-23db175799a9 with 1493 data points
2025-09-23 13:11:31,181 [INFO] Chart d2db2278-baa9-408a-8cca-23db175799a9 generated successfully in 32.54s
2025-09-23 13:11:31,199 [INFO] Generating chart aa3d2245-870e-43ae-b3de-4d9f8a466368 with 448 data points
2025-09-23 13:11:34,390 [INFO] Chart aa3d2245-870e-43ae-b3de-4d9f8a466368 generated successfully in 3.19s
2025-09-23 13:11:55,733 [INFO] Generating chart e68f7a3c-0ecc-441f-b61d-e65bf70be265 with 1493 data points
2025-09-23 13:12:38,602 [INFO] Chart e68f7a3c-0ecc-441f-b61d-e65bf70be265 generated successfully in 42.88s
2025-09-23 13:12:38,668 [INFO] Generating chart 37c4978e-c30b-4400-99a9-4d75867650eb with 448 data points
2025-09-23 13:12:42,362 [INFO] Chart 37c4978e-c30b-4400-99a9-4d75867650eb generated successfully in 3.70s
2025-09-23 13:16:08,259 [INFO] Generating chart cae83e09-481b-46ba-b16d-b497062f5cf7 with 1493 data points
2025-09-23 13:16:31,527 [INFO] Chart cae83e09-481b-46ba-b16d-b497062f5cf7 generated successfully in 23.77s
2025-09-23 13:16:31,665 [INFO] Generating chart a54820d3-8212-40f5-a9a5-c52f96279080 with 448 data points
2025-09-23 13:16:31,715 [ERROR] DataFrame must contain 'Volume' column when volume is True
2025-09-23 13:16:31,734 [ERROR] Failed to generate chart a54820d3-8212-40f5-a9a5-c52f96279080: DataFrame must contain 'Volume' column when volume is True
